ARM GAS  CMSIS/Core/CM3/startup_stm32f10x_ld.s 			page 1


   1              	/**
   2              	  ******************************************************************************
   3              	  * @file      startup_stm32f10x_ld.s
   4              	  * @author    MCD Application Team
   5              	  * @version   V3.1.2
   6              	  * @date      09/28/2009
   7              	  * @brief     STM32F10x Low Density Devices vector table for RIDE7 toolchain.
   8              	  *            This module performs:
   9              	  *                - Set the initial SP
  10              	  *                - Set the initial PC == Reset_Handler,
  11              	  *                - Set the vector table entries with the exceptions ISR address.
  12              	  *                - Branches to main in the C library (which eventually
  13              	  *                  calls main()).
  14              	  *            After Reset the Cortex-M3 processor is in Thread mode,
  15              	  *            priority is Privileged, and the Stack is set to Main.
  16              	  ******************************************************************************
  17              	  * @copy
  18              	  *
  19              	  * THE PRESENT FIRMWARE WHICH IS FOR GUIDANCE ONLY AIMS AT PROVIDING CUSTOMERS
  20              	  * WITH CODING INFORMATION REGARDING THEIR PRODUCTS IN ORDER FOR THEM TO SAVE
  21              	  * TIME. AS A RESULT, STMICROELECTRONICS SHALL NOT BE HELD LIABLE FOR ANY
  22              	  * DIRECT, INDIRECT OR CONSEQUENTIAL DAMAGES WITH RESPECT TO ANY CLAIMS ARISING
  23              	  * FROM THE CONTENT OF SUCH FIRMWARE AND/OR THE USE MADE BY CUSTOMERS OF THE
  24              	  * CODING INFORMATION CONTAINED HEREIN IN CONNECTION WITH THEIR PRODUCTS.
  25              	  *
  26              	  * <h2><center>&copy; COPYRIGHT 2009 STMicroelectronics</center></h2>
  27              	  */
  28              	
  29              	  .syntax unified
  30              	  .cpu cortex-m3
  31              	  .fpu softvfp
  32              	  .thumb
  33              	
  34              	.global  g_pfnVectors
  35              	.global  Default_Handler
  36              	
  37              	/* start address for the initialization values of the .data section.
  38              	defined in linker script */
  39 0000 00000000 	.word  _sidata
  40              	/* start address for the .data section. defined in linker script */
  41 0004 00000000 	.word  _sdata
  42              	/* end address for the .data section. defined in linker script */
  43 0008 00000000 	.word  _edata
  44              	/* start address for the .bss section. defined in linker script */
  45 000c 00000000 	.word  _sbss
  46              	/* end address for the .bss section. defined in linker script */
  47 0010 00000000 	.word  _ebss
  48              	
  49              	.equ  BootRAM, 0xF108F85F
  50              	/**
  51              	 * @brief  This is the code that gets called when the processor first
  52              	 *          starts execution following a reset event. Only the absolutely
  53              	 *          necessary set is performed, after which the application
  54              	 *          supplied main() routine is called.
  55              	 * @param  None
  56              	 * @retval : None
  57              	*/
ARM GAS  CMSIS/Core/CM3/startup_stm32f10x_ld.s 			page 2


  58              	
  59              	.section  .text
  60              	.weak  Reset_Handler
  61              	.type  Reset_Handler, %function
  62              	.thumb_func
  63              	Reset_Handler:
  64              	
  65              	/* Copy the data segment initializers from flash to SRAM */
  66 0014 0021     	  movs  r1, #0
  67 0016 03E0     	  b  LoopCopyDataInit
  68              	
  69              	CopyDataInit:
  70 0018 0A4B     	  ldr  r3, =_sidata
  71 001a 5B58     	  ldr  r3, [r3, r1]
  72 001c 4350     	  str  r3, [r0, r1]
  73 001e 0431     	  adds  r1, r1, #4
  74              	
  75              	LoopCopyDataInit:
  76 0020 0948     	  ldr  r0, =_sdata
  77 0022 0A4B     	  ldr  r3, =_edata
  78 0024 4218     	  adds  r2, r0, r1
  79 0026 9A42     	  cmp  r2, r3
  80 0028 F6D3     	  bcc  CopyDataInit
  81 002a 094A     	  ldr  r2, =_sbss
  82 002c 02E0     	  b  LoopFillZerobss
  83              	/* Zero fill the bss segment. */
  84              	FillZerobss:
  85 002e 0023     	  movs  r3, #0
  86 0030 42F8043B 	  str  r3, [r2], #4
  87              	
  88              	LoopFillZerobss:
  89 0034 074B     	  ldr  r3, = _ebss
  90 0036 9A42     	  cmp  r2, r3
  91 0038 F9D3     	  bcc  FillZerobss
  92              	/* Call the application's entry point.*/
  93 003a FFF7FEFF 	  bl main
  94 003e 7047     	  bx lr
  95              	 /*  ldr r0, =main
  96              	  bx r0
  97              	  bx  lr */
  98              	.size  Reset_Handler, .-Reset_Handler
  99              	
 100              	/**
 101              	 * @brief  This is the code that gets called when the processor receives an
 102              	 *         unexpected interrupt.  This simply enters an infinite loop, preserving
 103              	 *         the system state for examination by a debugger.
 104              	 *
 105              	 * @param  None
 106              	 * @retval : None
 107              	*/
 108              	.section  .text,"ax",%progbits
 109              	Default_Handler:
 110              	Infinite_Loop:
 111 0040 FEE7     	  b  Infinite_Loop
 112              	  .size  Default_Handler, .-Default_Handler
 113              	/******************************************************************************
 114              	*
ARM GAS  CMSIS/Core/CM3/startup_stm32f10x_ld.s 			page 3


 115              	* The minimal vector table for a Cortex M3.  Note that the proper constructs
 116              	* must be placed on this to ensure that it ends up at physical address
 117              	* 0x0000.0000.
 118              	*
 119              	******************************************************************************/
 120 0042 0000     	  .section  .isr_vector,"a",%progbits
 121              	  .type  g_pfnVectors, %object
 122              	  .size  g_pfnVectors, .-g_pfnVectors
 123              	
 124              	
 125              	g_pfnVectors:
 126 0000 00000000 	  .word  _estack
 127 0004 00000000 	  .word  Reset_Handler
 128 0008 00000000 	  .word  NMI_Handler
 129 000c 00000000 	  .word  HardFault_Handler
 130 0010 00000000 	  .word  MemManage_Handler
 131 0014 00000000 	  .word  BusFault_Handler
 132 0018 00000000 	  .word  UsageFault_Handler
 133 001c 00000000 	  .word  0
 134 0020 00000000 	  .word  0
 135 0024 00000000 	  .word  0
 136 0028 00000000 	  .word  0
 137 002c 00000000 	  .word  SVC_Handler
 138 0030 00000000 	  .word  DebugMon_Handler
 139 0034 00000000 	  .word  0
 140 0038 00000000 	  .word  PendSV_Handler
 141 003c 00000000 	  .word  SysTick_Handler
 142 0040 00000000 	  .word  WWDG_IRQHandler		/* 16: EXT INT 0 */
 143 0044 00000000 	  .word  PVD_IRQHandler
 144 0048 00000000 	  .word  TAMPER_IRQHandler
 145 004c 00000000 	  .word  RTC_IRQHandler
 146 0050 00000000 	  .word  FLASH_IRQHandler
 147 0054 00000000 	  .word  RCC_IRQHandler
 148 0058 00000000 	  .word  EXTI0_IRQHandler
 149 005c 00000000 	  .word  EXTI1_IRQHandler
 150 0060 00000000 	  .word  EXTI2_IRQHandler
 151 0064 00000000 	  .word  EXTI3_IRQHandler
 152 0068 00000000 	  .word  EXTI4_IRQHandler
 153 006c 00000000 	  .word  DMA1_Channel1_IRQHandler
 154 0070 00000000 	  .word  DMA1_Channel2_IRQHandler
 155 0074 00000000 	  .word  DMA1_Channel3_IRQHandler
 156 0078 00000000 	  .word  DMA1_Channel4_IRQHandler
 157 007c 00000000 	  .word  DMA1_Channel5_IRQHandler
 158 0080 00000000 	  .word  DMA1_Channel6_IRQHandler
 159 0084 00000000 	  .word  DMA1_Channel7_IRQHandler
 160 0088 00000000 	  .word  ADC1_2_IRQHandler
 161 008c 00000000 	  .word  USB_HP_CAN1_TX_IRQHandler
 162 0090 00000000 	  .word  USB_LP_CAN1_RX0_IRQHandler
 163 0094 00000000 	  .word  CAN1_RX1_IRQHandler
 164 0098 00000000 	  .word  CAN1_SCE_IRQHandler
 165 009c 00000000 	  .word  EXTI9_5_IRQHandler
 166 00a0 00000000 	  .word  TIM1_BRK_IRQHandler
 167 00a4 00000000 	  .word  TIM1_UP_IRQHandler
 168 00a8 00000000 	  .word  TIM1_TRG_COM_IRQHandler
 169 00ac 00000000 	  .word  TIM1_CC_IRQHandler
 170 00b0 00000000 	  .word  TIM2_IRQHandler
 171 00b4 00000000 	  .word  TIM3_IRQHandler
ARM GAS  CMSIS/Core/CM3/startup_stm32f10x_ld.s 			page 4


 172 00b8 00000000 	  .word  I2C1_EV_IRQHandler
 173 00bc 00000000 	  .word  I2C1_ER_IRQHandler
 174 00c0 00000000 	  .word  SPI1_IRQHandler
 175 00c4 00000000 	  .word  USART1_IRQHandler
 176 00c8 00000000 	  .word  USART2_IRQHandler
 177 00cc 00000000 	  .word  EXTI15_10_IRQHandler
 178 00d0 00000000 	  .word  RTCAlarm_IRQHandler
 179 00d4 00000000 	  .word  USBWakeUp_IRQHandler
 180 00d8 00000000 	  .word  0
 181 00dc 00000000 	  .word  0
 182 00e0 00000000 	  .word  0
 183 00e4 00000000 	  .word  0
 184 00e8 00000000 	  .word  0
 185 00ec 00000000 	  .word  0
 186 00f0 00000000 	  .word  0
 187 00f4 5FF808F1 	  .word  BootRAM        /* @0x108. This is for boot in RAM mode for
 188              	                          STM32F10x Low Density devices.*/
 189              	
 190              	/*******************************************************************************
 191              	*
 192              	* Provide weak aliases for each Exception handler to the Default_Handler.
 193              	* As they are weak aliases, any function with the same name will override
 194              	* this definition.
 195              	*
 196              	*******************************************************************************/
 197              	
 198              	  .weak  NMI_Handler
 199              	  .thumb_set NMI_Handler,Default_Handler
 200              	
 201              	  .weak  HardFault_Handler
 202              	  .thumb_set HardFault_Handler,Default_Handler
 203              	
 204              	  .weak  MemManage_Handler
 205              	  .thumb_set MemManage_Handler,Default_Handler
 206              	
 207              	  .weak  BusFault_Handler
 208              	  .thumb_set BusFault_Handler,Default_Handler
 209              	
 210              	  .weak  UsageFault_Handler
 211              	  .thumb_set UsageFault_Handler,Default_Handler
 212              	
 213              	  .weak  SVC_Handler
 214              	  .thumb_set SVC_Handler,Default_Handler
 215              	
 216              	  .weak  DebugMon_Handler
 217              	  .thumb_set DebugMon_Handler,Default_Handler
 218              	
 219              	  .weak  PendSV_Handler
 220              	  .thumb_set PendSV_Handler,Default_Handler
 221              	
 222              	  .weak  SysTick_Handler
 223              	  .thumb_set SysTick_Handler,Default_Handler
 224              	
 225              	  .weak  WWDG_IRQHandler
 226              	  .thumb_set WWDG_IRQHandler,Default_Handler
 227              	
 228              	  .weak  PVD_IRQHandler
ARM GAS  CMSIS/Core/CM3/startup_stm32f10x_ld.s 			page 5


 229              	  .thumb_set PVD_IRQHandler,Default_Handler
 230              	
 231              	  .weak  TAMPER_IRQHandler
 232              	  .thumb_set TAMPER_IRQHandler,Default_Handler
 233              	
 234              	  .weak  RTC_IRQHandler
 235              	  .thumb_set RTC_IRQHandler,Default_Handler
 236              	
 237              	  .weak  FLASH_IRQHandler
 238              	  .thumb_set FLASH_IRQHandler,Default_Handler
 239              	
 240              	  .weak  RCC_IRQHandler
 241              	  .thumb_set RCC_IRQHandler,Default_Handler
 242              	
 243              	  .weak  EXTI0_IRQHandler
 244              	  .thumb_set EXTI0_IRQHandler,Default_Handler
 245              	
 246              	  .weak  EXTI1_IRQHandler
 247              	  .thumb_set EXTI1_IRQHandler,Default_Handler
 248              	
 249              	  .weak  EXTI2_IRQHandler
 250              	  .thumb_set EXTI2_IRQHandler,Default_Handler
 251              	
 252              	  .weak  EXTI3_IRQHandler
 253              	  .thumb_set EXTI3_IRQHandler,Default_Handler
 254              	
 255              	  .weak  EXTI4_IRQHandler
 256              	  .thumb_set EXTI4_IRQHandler,Default_Handler
 257              	
 258              	  .weak  DMA1_Channel1_IRQHandler
 259              	  .thumb_set DMA1_Channel1_IRQHandler,Default_Handler
 260              	
 261              	  .weak  DMA1_Channel2_IRQHandler
 262              	  .thumb_set DMA1_Channel2_IRQHandler,Default_Handler
 263              	
 264              	  .weak  DMA1_Channel3_IRQHandler
 265              	  .thumb_set DMA1_Channel3_IRQHandler,Default_Handler
 266              	
 267              	  .weak  DMA1_Channel4_IRQHandler
 268              	  .thumb_set DMA1_Channel4_IRQHandler,Default_Handler
 269              	
 270              	  .weak  DMA1_Channel5_IRQHandler
 271              	  .thumb_set DMA1_Channel5_IRQHandler,Default_Handler
 272              	
 273              	  .weak  DMA1_Channel6_IRQHandler
 274              	  .thumb_set DMA1_Channel6_IRQHandler,Default_Handler
 275              	
 276              	  .weak  DMA1_Channel7_IRQHandler
 277              	  .thumb_set DMA1_Channel7_IRQHandler,Default_Handler
 278              	
 279              	  .weak  ADC1_2_IRQHandler
 280              	  .thumb_set ADC1_2_IRQHandler,Default_Handler
 281              	
 282              	  .weak  USB_HP_CAN1_TX_IRQHandler
 283              	  .thumb_set USB_HP_CAN1_TX_IRQHandler,Default_Handler
 284              	
 285              	  .weak  USB_LP_CAN1_RX0_IRQHandler
ARM GAS  CMSIS/Core/CM3/startup_stm32f10x_ld.s 			page 6


 286              	  .thumb_set USB_LP_CAN1_RX0_IRQHandler,Default_Handler
 287              	
 288              	  .weak  CAN1_RX1_IRQHandler
 289              	  .thumb_set CAN1_RX1_IRQHandler,Default_Handler
 290              	
 291              	  .weak  CAN1_SCE_IRQHandler
 292              	  .thumb_set CAN1_SCE_IRQHandler,Default_Handler
 293              	
 294              	  .weak  EXTI9_5_IRQHandler
 295              	  .thumb_set EXTI9_5_IRQHandler,Default_Handler
 296              	
 297              	  .weak  TIM1_BRK_IRQHandler
 298              	  .thumb_set TIM1_BRK_IRQHandler,Default_Handler
 299              	
 300              	  .weak  TIM1_UP_IRQHandler
 301              	  .thumb_set TIM1_UP_IRQHandler,Default_Handler
 302              	
 303              	  .weak  TIM1_TRG_COM_IRQHandler
 304              	  .thumb_set TIM1_TRG_COM_IRQHandler,Default_Handler
 305              	
 306              	  .weak  TIM1_CC_IRQHandler
 307              	  .thumb_set TIM1_CC_IRQHandler,Default_Handler
 308              	
 309              	  .weak  TIM2_IRQHandler
 310              	  .thumb_set TIM2_IRQHandler,Default_Handler
 311              	
 312              	  .weak  TIM3_IRQHandler
 313              	  .thumb_set TIM3_IRQHandler,Default_Handler
 314              	
 315              	  .weak  I2C1_EV_IRQHandler
 316              	  .thumb_set I2C1_EV_IRQHandler,Default_Handler
 317              	
 318              	  .weak  I2C1_ER_IRQHandler
 319              	  .thumb_set I2C1_ER_IRQHandler,Default_Handler
 320              	
 321              	  .weak  SPI1_IRQHandler
 322              	  .thumb_set SPI1_IRQHandler,Default_Handler
 323              	
 324              	  .weak  USART1_IRQHandler
 325              	  .thumb_set USART1_IRQHandler,Default_Handler
 326              	
 327              	  .weak  USART2_IRQHandler
 328              	  .thumb_set USART2_IRQHandler,Default_Handler
 329              	
 330              	  .weak  EXTI15_10_IRQHandler
 331              	  .thumb_set EXTI15_10_IRQHandler,Default_Handler
 332              	
 333              	  .weak  RTCAlarm_IRQHandler
 334              	  .thumb_set RTCAlarm_IRQHandler,Default_Handler
 335              	
 336              	  .weak  USBWakeUp_IRQHandler
 337              	  .thumb_set USBWakeUp_IRQHandler,Default_Handler
 338              	
ARM GAS  CMSIS/Core/CM3/startup_stm32f10x_ld.s 			page 7


DEFINED SYMBOLS
                            .text:00000000 $t
CMSIS/Core/CM3/startup_stm32f10x_ld.s:125    .isr_vector:00000000 g_pfnVectors
CMSIS/Core/CM3/startup_stm32f10x_ld.s:109    .text:00000040 Default_Handler
CMSIS/Core/CM3/startup_stm32f10x_ld.s:39     .text:00000000 $d
CMSIS/Core/CM3/startup_stm32f10x_ld.s:49     *ABS*:f108f85f BootRAM
CMSIS/Core/CM3/startup_stm32f10x_ld.s:63     .text:00000014 Reset_Handler
CMSIS/Core/CM3/startup_stm32f10x_ld.s:62     .text:00000014 $t
CMSIS/Core/CM3/startup_stm32f10x_ld.s:75     .text:00000020 LoopCopyDataInit
CMSIS/Core/CM3/startup_stm32f10x_ld.s:69     .text:00000018 CopyDataInit
CMSIS/Core/CM3/startup_stm32f10x_ld.s:88     .text:00000034 LoopFillZerobss
CMSIS/Core/CM3/startup_stm32f10x_ld.s:84     .text:0000002e FillZerobss
CMSIS/Core/CM3/startup_stm32f10x_ld.s:110    .text:00000040 Infinite_Loop
CMSIS/Core/CM3/startup_stm32f10x_ld.s:126    .isr_vector:00000000 $d
CMSIS/Core/CM3/startup_stm32f10x_ld.s:109    .text:00000040 NMI_Handler
CMSIS/Core/CM3/startup_stm32f10x_ld.s:109    .text:00000040 HardFault_Handler
CMSIS/Core/CM3/startup_stm32f10x_ld.s:109    .text:00000040 MemManage_Handler
CMSIS/Core/CM3/startup_stm32f10x_ld.s:109    .text:00000040 BusFault_Handler
CMSIS/Core/CM3/startup_stm32f10x_ld.s:109    .text:00000040 UsageFault_Handler
CMSIS/Core/CM3/startup_stm32f10x_ld.s:109    .text:00000040 SVC_Handler
CMSIS/Core/CM3/startup_stm32f10x_ld.s:109    .text:00000040 DebugMon_Handler
CMSIS/Core/CM3/startup_stm32f10x_ld.s:109    .text:00000040 PendSV_Handler
CMSIS/Core/CM3/startup_stm32f10x_ld.s:109    .text:00000040 SysTick_Handler
CMSIS/Core/CM3/startup_stm32f10x_ld.s:109    .text:00000040 WWDG_IRQHandler
CMSIS/Core/CM3/startup_stm32f10x_ld.s:109    .text:00000040 PVD_IRQHandler
CMSIS/Core/CM3/startup_stm32f10x_ld.s:109    .text:00000040 TAMPER_IRQHandler
CMSIS/Core/CM3/startup_stm32f10x_ld.s:109    .text:00000040 RTC_IRQHandler
CMSIS/Core/CM3/startup_stm32f10x_ld.s:109    .text:00000040 FLASH_IRQHandler
CMSIS/Core/CM3/startup_stm32f10x_ld.s:109    .text:00000040 RCC_IRQHandler
CMSIS/Core/CM3/startup_stm32f10x_ld.s:109    .text:00000040 EXTI0_IRQHandler
CMSIS/Core/CM3/startup_stm32f10x_ld.s:109    .text:00000040 EXTI1_IRQHandler
CMSIS/Core/CM3/startup_stm32f10x_ld.s:109    .text:00000040 EXTI2_IRQHandler
CMSIS/Core/CM3/startup_stm32f10x_ld.s:109    .text:00000040 EXTI3_IRQHandler
CMSIS/Core/CM3/startup_stm32f10x_ld.s:109    .text:00000040 EXTI4_IRQHandler
CMSIS/Core/CM3/startup_stm32f10x_ld.s:109    .text:00000040 DMA1_Channel1_IRQHandler
CMSIS/Core/CM3/startup_stm32f10x_ld.s:109    .text:00000040 DMA1_Channel2_IRQHandler
CMSIS/Core/CM3/startup_stm32f10x_ld.s:109    .text:00000040 DMA1_Channel3_IRQHandler
CMSIS/Core/CM3/startup_stm32f10x_ld.s:109    .text:00000040 DMA1_Channel4_IRQHandler
CMSIS/Core/CM3/startup_stm32f10x_ld.s:109    .text:00000040 DMA1_Channel5_IRQHandler
CMSIS/Core/CM3/startup_stm32f10x_ld.s:109    .text:00000040 DMA1_Channel6_IRQHandler
CMSIS/Core/CM3/startup_stm32f10x_ld.s:109    .text:00000040 DMA1_Channel7_IRQHandler
CMSIS/Core/CM3/startup_stm32f10x_ld.s:109    .text:00000040 ADC1_2_IRQHandler
CMSIS/Core/CM3/startup_stm32f10x_ld.s:109    .text:00000040 USB_HP_CAN1_TX_IRQHandler
CMSIS/Core/CM3/startup_stm32f10x_ld.s:109    .text:00000040 USB_LP_CAN1_RX0_IRQHandler
CMSIS/Core/CM3/startup_stm32f10x_ld.s:109    .text:00000040 CAN1_RX1_IRQHandler
CMSIS/Core/CM3/startup_stm32f10x_ld.s:109    .text:00000040 CAN1_SCE_IRQHandler
CMSIS/Core/CM3/startup_stm32f10x_ld.s:109    .text:00000040 EXTI9_5_IRQHandler
CMSIS/Core/CM3/startup_stm32f10x_ld.s:109    .text:00000040 TIM1_BRK_IRQHandler
CMSIS/Core/CM3/startup_stm32f10x_ld.s:109    .text:00000040 TIM1_UP_IRQHandler
CMSIS/Core/CM3/startup_stm32f10x_ld.s:109    .text:00000040 TIM1_TRG_COM_IRQHandler
CMSIS/Core/CM3/startup_stm32f10x_ld.s:109    .text:00000040 TIM1_CC_IRQHandler
CMSIS/Core/CM3/startup_stm32f10x_ld.s:109    .text:00000040 TIM2_IRQHandler
CMSIS/Core/CM3/startup_stm32f10x_ld.s:109    .text:00000040 TIM3_IRQHandler
CMSIS/Core/CM3/startup_stm32f10x_ld.s:109    .text:00000040 I2C1_EV_IRQHandler
CMSIS/Core/CM3/startup_stm32f10x_ld.s:109    .text:00000040 I2C1_ER_IRQHandler
CMSIS/Core/CM3/startup_stm32f10x_ld.s:109    .text:00000040 SPI1_IRQHandler
CMSIS/Core/CM3/startup_stm32f10x_ld.s:109    .text:00000040 USART1_IRQHandler
ARM GAS  CMSIS/Core/CM3/startup_stm32f10x_ld.s 			page 8


CMSIS/Core/CM3/startup_stm32f10x_ld.s:109    .text:00000040 USART2_IRQHandler
CMSIS/Core/CM3/startup_stm32f10x_ld.s:109    .text:00000040 EXTI15_10_IRQHandler
CMSIS/Core/CM3/startup_stm32f10x_ld.s:109    .text:00000040 RTCAlarm_IRQHandler
CMSIS/Core/CM3/startup_stm32f10x_ld.s:109    .text:00000040 USBWakeUp_IRQHandler
CMSIS/Core/CM3/startup_stm32f10x_ld.s:120    .text:00000042 $d

UNDEFINED SYMBOLS
_sidata
_sdata
_edata
_sbss
_ebss
main
_estack
